[ 2016-01-10T13:56:07+08:00 ] 127.0.0.1 /Plan_admin/index.php/User/getCoach
INFO: [ app_init ] --START--
INFO: Run Behavior\BuildLiteBehavior [ RunTime:0.000019s ]
INFO: [ app_init ] --END-- [ RunTime:0.000556s ]
ERR: 无法加载模块:User

[ 2016-01-10T13:56:18+08:00 ] 127.0.0.1 /Plan_admin/index.php/User/getStudent
INFO: [ app_init ] --START--
INFO: Run Behavior\BuildLiteBehavior [ RunTime:0.000014s ]
INFO: [ app_init ] --END-- [ RunTime:0.000391s ]
ERR: 无法加载模块:User

[ 2016-01-10T13:56:35+08:00 ] 127.0.0.1 /Plan_admin/index.php/User/getCoach
INFO: [ app_init ] --START--
INFO: Run Behavior\BuildLiteBehavior [ RunTime:0.000014s ]
INFO: [ app_init ] --END-- [ RunTime:0.000499s ]
ERR: 无法加载模块:User

[ 2016-01-10T13:58:19+08:00 ] 127.0.0.1 /Plan_admin/index.php/User/coach
INFO: [ app_init ] --START--
INFO: Run Behavior\BuildLiteBehavior [ RunTime:0.000013s ]
INFO: [ app_init ] --END-- [ RunTime:0.000392s ]
ERR: 无法加载模块:User

[ 2016-01-10T14:03:45+08:00 ] 127.0.0.1 /Plan_admin/index.php/User/updateStatus/status/0/id/34
INFO: [ app_init ] --START--
INFO: Run Behavior\BuildLiteBehavior [ RunTime:0.000019s ]
INFO: [ app_init ] --END-- [ RunTime:0.000636s ]
ERR: 无法加载模块:User

[ 2016-01-10T14:09:59+08:00 ] 127.0.0.1 /Plan_admin/index.php/User/getCoach
INFO: [ app_init ] --START--
INFO: Run Behavior\BuildLiteBehavior [ RunTime:0.000026s ]
INFO: [ app_init ] --END-- [ RunTime:0.000984s ]
ERR: 无法加载模块:User

[ 2016-01-10T14:10:09+08:00 ] 127.0.0.1 /Plan_admin/index.php/User/getCoach
INFO: [ app_init ] --START--
INFO: Run Behavior\BuildLiteBehavior [ RunTime:0.000018s ]
INFO: [ app_init ] --END-- [ RunTime:0.000556s ]
ERR: 无法加载模块:User

[ 2016-01-10T14:12:54+08:00 ] 127.0.0.1 /Plan_admin/index.php/User/getPlanCoach/uid/35
INFO: [ app_init ] --START--
INFO: Run Behavior\BuildLiteBehavior [ RunTime:0.000018s ]
INFO: [ app_init ] --END-- [ RunTime:0.000605s ]
ERR: 无法加载模块:User

