[ 2016-01-25T09:38:32+08:00 ] 127.0.0.1 /xplan_backend/Plan_admin/index.php/home/Login/index
INFO: [ app_init ] --START--
INFO: Run Behavior\BuildLiteBehavior [ RunTime:0.000025s ]
INFO: [ app_init ] --END-- [ RunTime:0.001560s ]
INFO: [ app_begin ] --START--
INFO: Run Behavior\ReadHtmlCacheBehavior [ RunTime:0.002280s ]
INFO: [ app_begin ] --END-- [ RunTime:0.002411s ]
INFO: [ view_parse ] --START--
INFO: [ template_filter ] --START--
INFO: Run Behavior\ContentReplaceBehavior [ RunTime:0.000111s ]
INFO: [ template_filter ] --END-- [ RunTime:0.000212s ]
INFO: Run Behavior\ParseTemplateBehavior [ RunTime:0.025956s ]
INFO: [ view_parse ] --END-- [ RunTime:0.026060s ]
INFO: [ view_filter ] --START--
INFO: Run Behavior\WriteHtmlCacheBehavior [ RunTime:0.001399s ]
INFO: [ view_filter ] --END-- [ RunTime:0.001479s ]
INFO: [ app_end ] --START--
INFO: Run Behavior\ShowPageTraceBehavior [ RunTime:0.001873s ]
INFO: [ app_end ] --END-- [ RunTime:0.001963s ]

[ 2016-01-25T09:38:32+08:00 ] 127.0.0.1 /xplan_backend/Plan_admin/index.php/home/Login/verify
INFO: [ app_init ] --START--
INFO: Run Behavior\BuildLiteBehavior [ RunTime:0.000013s ]
INFO: [ app_init ] --END-- [ RunTime:0.000377s ]
INFO: [ app_begin ] --START--
INFO: Run Behavior\ReadHtmlCacheBehavior [ RunTime:0.000586s ]
INFO: [ app_begin ] --END-- [ RunTime:0.000639s ]
INFO: [ app_end ] --START--
INFO: Run Behavior\ShowPageTraceBehavior [ RunTime:0.000683s ]
INFO: [ app_end ] --END-- [ RunTime:0.000748s ]

[ 2016-01-25T09:39:49+08:00 ] 127.0.0.1 /xplan_backend/Plan_admin/index.php/home/Login/login
INFO: [ app_init ] --START--
INFO: Run Behavior\BuildLiteBehavior [ RunTime:0.000029s ]
INFO: [ app_init ] --END-- [ RunTime:0.001068s ]
INFO: [ app_begin ] --START--
INFO: Run Behavior\ReadHtmlCacheBehavior [ RunTime:0.000827s ]
INFO: [ app_begin ] --END-- [ RunTime:0.000911s ]
INFO: [ view_parse ] --START--
INFO: [ template_filter ] --START--
INFO: Run Behavior\ContentReplaceBehavior [ RunTime:0.000158s ]
INFO: [ template_filter ] --END-- [ RunTime:0.000309s ]
INFO: Run Behavior\ParseTemplateBehavior [ RunTime:0.177086s ]
INFO: [ view_parse ] --END-- [ RunTime:0.177206s ]
INFO: [ view_filter ] --START--
INFO: Run Behavior\WriteHtmlCacheBehavior [ RunTime:0.001107s ]
INFO: [ view_filter ] --END-- [ RunTime:0.001221s ]
INFO: [ app_end ] --START--
INFO: Run Behavior\ShowPageTraceBehavior [ RunTime:0.001832s ]
INFO: [ app_end ] --END-- [ RunTime:0.001947s ]

[ 2016-01-25T09:39:51+08:00 ] 127.0.0.1 /xplan_backend/Plan_admin/index.php/home/Login/index
INFO: [ app_init ] --START--
INFO: Run Behavior\BuildLiteBehavior [ RunTime:0.000013s ]
INFO: [ app_init ] --END-- [ RunTime:0.000463s ]
INFO: [ app_begin ] --START--
INFO: Run Behavior\ReadHtmlCacheBehavior [ RunTime:0.000692s ]
INFO: [ app_begin ] --END-- [ RunTime:0.000736s ]
INFO: [ view_parse ] --START--
INFO: [ template_filter ] --START--
INFO: Run Behavior\ContentReplaceBehavior [ RunTime:0.000037s ]
INFO: [ template_filter ] --END-- [ RunTime:0.000088s ]
INFO: Run Behavior\ParseTemplateBehavior [ RunTime:0.008782s ]
INFO: [ view_parse ] --END-- [ RunTime:0.008836s ]
INFO: [ view_filter ] --START--
INFO: Run Behavior\WriteHtmlCacheBehavior [ RunTime:0.000467s ]
INFO: [ view_filter ] --END-- [ RunTime:0.000512s ]
INFO: [ app_end ] --START--
INFO: Run Behavior\ShowPageTraceBehavior [ RunTime:0.000709s ]
INFO: [ app_end ] --END-- [ RunTime:0.000742s ]

[ 2016-01-25T09:39:51+08:00 ] 127.0.0.1 /xplan_backend/Plan_admin/index.php/home/Login/verify
INFO: [ app_init ] --START--
INFO: Run Behavior\BuildLiteBehavior [ RunTime:0.000045s ]
INFO: [ app_init ] --END-- [ RunTime:0.000610s ]
INFO: [ app_begin ] --START--
INFO: Run Behavior\ReadHtmlCacheBehavior [ RunTime:0.001417s ]
INFO: [ app_begin ] --END-- [ RunTime:0.001526s ]
INFO: [ app_end ] --START--
INFO: Run Behavior\ShowPageTraceBehavior [ RunTime:0.001883s ]
INFO: [ app_end ] --END-- [ RunTime:0.002003s ]

[ 2016-01-25T09:40:08+08:00 ] 127.0.0.1 /xplan_backend/Plan_admin/index.php/home/Login/login
INFO: [ app_init ] --START--
INFO: Run Behavior\BuildLiteBehavior [ RunTime:0.000015s ]
INFO: [ app_init ] --END-- [ RunTime:0.000575s ]
INFO: [ app_begin ] --START--
INFO: Run Behavior\ReadHtmlCacheBehavior [ RunTime:0.000860s ]
INFO: [ app_begin ] --END-- [ RunTime:0.000923s ]
INFO: [ view_parse ] --START--
INFO: [ template_filter ] --START--
INFO: Run Behavior\ContentReplaceBehavior [ RunTime:0.000032s ]
INFO: [ template_filter ] --END-- [ RunTime:0.000098s ]
INFO: Run Behavior\ParseTemplateBehavior [ RunTime:0.007163s ]
INFO: [ view_parse ] --END-- [ RunTime:0.007227s ]
INFO: [ view_filter ] --START--
INFO: Run Behavior\WriteHtmlCacheBehavior [ RunTime:0.000648s ]
INFO: [ view_filter ] --END-- [ RunTime:0.000691s ]
INFO: [ app_end ] --START--
INFO: Run Behavior\ShowPageTraceBehavior [ RunTime:0.000818s ]
INFO: [ app_end ] --END-- [ RunTime:0.000863s ]

[ 2016-01-25T09:40:10+08:00 ] 127.0.0.1 /xplan_backend/Plan_admin/index.php/home/Login/index
INFO: [ app_init ] --START--
INFO: Run Behavior\BuildLiteBehavior [ RunTime:0.000015s ]
INFO: [ app_init ] --END-- [ RunTime:0.000473s ]
INFO: [ app_begin ] --START--
INFO: Run Behavior\ReadHtmlCacheBehavior [ RunTime:0.000716s ]
INFO: [ app_begin ] --END-- [ RunTime:0.000767s ]
INFO: [ view_parse ] --START--
INFO: [ template_filter ] --START--
INFO: Run Behavior\ContentReplaceBehavior [ RunTime:0.000036s ]
INFO: [ template_filter ] --END-- [ RunTime:0.000083s ]
INFO: Run Behavior\ParseTemplateBehavior [ RunTime:0.006773s ]
INFO: [ view_parse ] --END-- [ RunTime:0.006824s ]
INFO: [ view_filter ] --START--
INFO: Run Behavior\WriteHtmlCacheBehavior [ RunTime:0.000546s ]
INFO: [ view_filter ] --END-- [ RunTime:0.000584s ]
INFO: [ app_end ] --START--
INFO: Run Behavior\ShowPageTraceBehavior [ RunTime:0.000751s ]
INFO: [ app_end ] --END-- [ RunTime:0.000798s ]

[ 2016-01-25T09:40:10+08:00 ] 127.0.0.1 /xplan_backend/Plan_admin/index.php/home/Login/verify
INFO: [ app_init ] --START--
INFO: Run Behavior\BuildLiteBehavior [ RunTime:0.000014s ]
INFO: [ app_init ] --END-- [ RunTime:0.000373s ]
INFO: [ app_begin ] --START--
INFO: Run Behavior\ReadHtmlCacheBehavior [ RunTime:0.000734s ]
INFO: [ app_begin ] --END-- [ RunTime:0.000780s ]
INFO: [ app_end ] --START--
INFO: Run Behavior\ShowPageTraceBehavior [ RunTime:0.000866s ]
INFO: [ app_end ] --END-- [ RunTime:0.000925s ]

[ 2016-01-25T09:40:32+08:00 ] 127.0.0.1 /xplan_backend/Plan_admin/index.php/home/Login/login
INFO: [ app_init ] --START--
INFO: Run Behavior\BuildLiteBehavior [ RunTime:0.000014s ]
INFO: [ app_init ] --END-- [ RunTime:0.000534s ]
INFO: [ app_begin ] --START--
INFO: Run Behavior\ReadHtmlCacheBehavior [ RunTime:0.000675s ]
INFO: [ app_begin ] --END-- [ RunTime:0.000725s ]
SQL: SHOW COLUMNS FROM `admin` [ RunTime:0.0086s ]
SQL: SELECT * FROM `admin` WHERE ( username='kaka' and password='1d06e7084b3873c87f87b1a2720c6541' )  [ RunTime:0.0125s ]
NOTIC: [8] A session had already been started - ignoring session_start() D:\www\xplan_backend\Plan_admin\Application\Home\Controller\LoginController.class.php 第 22 行.
INFO: [ view_parse ] --START--
INFO: [ template_filter ] --START--
INFO: Run Behavior\ContentReplaceBehavior [ RunTime:0.000051s ]
INFO: [ template_filter ] --END-- [ RunTime:0.000136s ]
INFO: Run Behavior\ParseTemplateBehavior [ RunTime:0.009648s ]
INFO: [ view_parse ] --END-- [ RunTime:0.009737s ]
INFO: [ view_filter ] --START--
INFO: Run Behavior\WriteHtmlCacheBehavior [ RunTime:0.000453s ]
INFO: [ view_filter ] --END-- [ RunTime:0.000512s ]
INFO: [ app_end ] --START--
INFO: Run Behavior\ShowPageTraceBehavior [ RunTime:0.001062s ]
INFO: [ app_end ] --END-- [ RunTime:0.001128s ]

[ 2016-01-25T09:40:34+08:00 ] 127.0.0.1 /xplan_backend/Plan_admin/index.php/home/Index/index
INFO: [ app_init ] --START--
INFO: Run Behavior\BuildLiteBehavior [ RunTime:0.000032s ]
INFO: [ app_init ] --END-- [ RunTime:0.001147s ]
INFO: [ app_begin ] --START--
INFO: Run Behavior\ReadHtmlCacheBehavior [ RunTime:0.001532s ]
INFO: [ app_begin ] --END-- [ RunTime:0.001664s ]
INFO: [ view_parse ] --START--
INFO: [ template_filter ] --START--
INFO: Run Behavior\ContentReplaceBehavior [ RunTime:0.000054s ]
INFO: [ template_filter ] --END-- [ RunTime:0.000112s ]
INFO: Run Behavior\ParseTemplateBehavior [ RunTime:0.055359s ]
INFO: [ view_parse ] --END-- [ RunTime:0.055416s ]
INFO: [ view_filter ] --START--
INFO: Run Behavior\WriteHtmlCacheBehavior [ RunTime:0.000422s ]
INFO: [ view_filter ] --END-- [ RunTime:0.000463s ]
INFO: [ app_end ] --START--
INFO: Run Behavior\ShowPageTraceBehavior [ RunTime:0.000771s ]
INFO: [ app_end ] --END-- [ RunTime:0.000831s ]

[ 2016-01-25T09:40:42+08:00 ] 127.0.0.1 /xplan_backend/Plan_admin/index.php/home/User/getCoach
INFO: [ app_init ] --START--
INFO: Run Behavior\BuildLiteBehavior [ RunTime:0.000019s ]
INFO: [ app_init ] --END-- [ RunTime:0.000538s ]
INFO: [ app_begin ] --START--
INFO: Run Behavior\ReadHtmlCacheBehavior [ RunTime:0.000809s ]
INFO: [ app_begin ] --END-- [ RunTime:0.000871s ]
SQL: SHOW COLUMNS FROM `user_info` [ RunTime:0.0548s ]
SQL: SELECT COUNT(*) AS tp_count FROM `user_info` WHERE ( type=1 ) LIMIT 1   [ RunTime:0.0102s ]
NOTIC: [8] Undefined variable: pageList D:\www\xplan_backend\Plan_admin\Application\Home\Common\function.php 第 52 行.
SQL: SELECT * FROM `user_info` WHERE ( type=1 ) LIMIT 0,10   [ RunTime:0.0365s ]
SQL: SHOW COLUMNS FROM `xorder` [ RunTime:0.0179s ]
SQL: SELECT COUNT(*) AS tp_count FROM `xorder` WHERE ( coachid=34 ) LIMIT 1   [ RunTime:0.0062s ]
SQL: SELECT COUNT(*) AS tp_count FROM `xorder` WHERE ( coachid=46 ) LIMIT 1   [ RunTime:0.0069s ]
SQL: SELECT COUNT(*) AS tp_count FROM `xorder` WHERE ( coachid=47 ) LIMIT 1   [ RunTime:0.0161s ]
SQL: SELECT COUNT(*) AS tp_count FROM `xorder` WHERE ( coachid=48 ) LIMIT 1   [ RunTime:0.0108s ]
SQL: SELECT COUNT(*) AS tp_count FROM `xorder` WHERE ( coachid=49 ) LIMIT 1   [ RunTime:0.0239s ]
SQL: SELECT COUNT(*) AS tp_count FROM `xorder` WHERE ( coachid=50 ) LIMIT 1   [ RunTime:0.0065s ]
SQL: SELECT COUNT(*) AS tp_count FROM `xorder` WHERE ( coachid=51 ) LIMIT 1   [ RunTime:0.0069s ]
SQL: SELECT COUNT(*) AS tp_count FROM `xorder` WHERE ( coachid=52 ) LIMIT 1   [ RunTime:0.0213s ]
SQL: SELECT COUNT(*) AS tp_count FROM `xorder` WHERE ( coachid=53 ) LIMIT 1   [ RunTime:0.0097s ]
SQL: SELECT COUNT(*) AS tp_count FROM `xorder` WHERE ( coachid=54 ) LIMIT 1   [ RunTime:0.0056s ]
SQL: SELECT COUNT(*) AS tp_count FROM `user_info` WHERE ( type=1 ) LIMIT 1   [ RunTime:0.0071s ]
INFO: [ view_parse ] --START--
INFO: [ template_filter ] --START--
INFO: Run Behavior\ContentReplaceBehavior [ RunTime:0.000138s ]
INFO: [ template_filter ] --END-- [ RunTime:0.000240s ]
INFO: Run Behavior\ParseTemplateBehavior [ RunTime:0.095057s ]
INFO: [ view_parse ] --END-- [ RunTime:0.095212s ]
INFO: [ view_filter ] --START--
INFO: Run Behavior\WriteHtmlCacheBehavior [ RunTime:0.001167s ]
INFO: [ view_filter ] --END-- [ RunTime:0.001258s ]
INFO: [ app_end ] --START--
INFO: Run Behavior\ShowPageTraceBehavior [ RunTime:0.001954s ]
INFO: [ app_end ] --END-- [ RunTime:0.002085s ]

[ 2016-01-25T09:41:28+08:00 ] 127.0.0.1 /xplan_backend/Plan_admin/index.php/home/User/updateStatus/status/0/id/34
INFO: [ app_init ] --START--
INFO: Run Behavior\BuildLiteBehavior [ RunTime:0.000016s ]
INFO: [ app_init ] --END-- [ RunTime:0.000490s ]
INFO: [ app_begin ] --START--
INFO: Run Behavior\ReadHtmlCacheBehavior [ RunTime:0.000863s ]
INFO: [ app_begin ] --END-- [ RunTime:0.000915s ]
SQL: SHOW COLUMNS FROM `user_info` [ RunTime:0.0080s ]
SQL: SELECT `studentNums` FROM `user_info` WHERE ( id=34 and type=1 ) LIMIT 1   [ RunTime:0.0084s ]
SQL: SHOW COLUMNS FROM `my_plan` [ RunTime:0.0073s ]
SQL: SELECT DISTINCT uid  FROM my_plan WHERE coachid=34 [ RunTime:0.0074s ]
SQL: UPDATE `user_info` SET `studentNums`='0' WHERE ( id=34 ) [ RunTime:0.0401s ]
SQL: UPDATE `user_info` SET `status`='1' WHERE ( id=34 ) [ RunTime:0.0403s ]
INFO: [ view_parse ] --START--
INFO: [ template_filter ] --START--
INFO: Run Behavior\ContentReplaceBehavior [ RunTime:0.000071s ]
INFO: [ template_filter ] --END-- [ RunTime:0.000175s ]
INFO: Run Behavior\ParseTemplateBehavior [ RunTime:0.015729s ]
INFO: [ view_parse ] --END-- [ RunTime:0.015847s ]
INFO: [ view_filter ] --START--
INFO: Run Behavior\WriteHtmlCacheBehavior [ RunTime:0.000957s ]
INFO: [ view_filter ] --END-- [ RunTime:0.001054s ]
INFO: [ app_end ] --START--
INFO: Run Behavior\ShowPageTraceBehavior [ RunTime:0.001638s ]
INFO: [ app_end ] --END-- [ RunTime:0.001731s ]

[ 2016-01-25T09:41:29+08:00 ] 127.0.0.1 /xplan_backend/Plan_admin/index.php/home/User/getCoach
INFO: [ app_init ] --START--
INFO: Run Behavior\BuildLiteBehavior [ RunTime:0.000033s ]
INFO: [ app_init ] --END-- [ RunTime:0.000826s ]
INFO: [ app_begin ] --START--
INFO: Run Behavior\ReadHtmlCacheBehavior [ RunTime:0.001090s ]
INFO: [ app_begin ] --END-- [ RunTime:0.001159s ]
SQL: SHOW COLUMNS FROM `user_info` [ RunTime:0.0101s ]
SQL: SELECT COUNT(*) AS tp_count FROM `user_info` WHERE ( type=1 ) LIMIT 1   [ RunTime:0.0065s ]
NOTIC: [8] Undefined variable: pageList D:\www\xplan_backend\Plan_admin\Application\Home\Common\function.php 第 52 行.
SQL: SELECT * FROM `user_info` WHERE ( type=1 ) LIMIT 0,10   [ RunTime:0.0208s ]
SQL: SHOW COLUMNS FROM `xorder` [ RunTime:0.0109s ]
SQL: SELECT COUNT(*) AS tp_count FROM `xorder` WHERE ( coachid=34 ) LIMIT 1   [ RunTime:0.0060s ]
SQL: SELECT COUNT(*) AS tp_count FROM `xorder` WHERE ( coachid=46 ) LIMIT 1   [ RunTime:0.0068s ]
SQL: SELECT COUNT(*) AS tp_count FROM `xorder` WHERE ( coachid=47 ) LIMIT 1   [ RunTime:0.0119s ]
SQL: SELECT COUNT(*) AS tp_count FROM `xorder` WHERE ( coachid=48 ) LIMIT 1   [ RunTime:0.0068s ]
SQL: SELECT COUNT(*) AS tp_count FROM `xorder` WHERE ( coachid=49 ) LIMIT 1   [ RunTime:0.0085s ]
SQL: SELECT COUNT(*) AS tp_count FROM `xorder` WHERE ( coachid=50 ) LIMIT 1   [ RunTime:0.0069s ]
SQL: SELECT COUNT(*) AS tp_count FROM `xorder` WHERE ( coachid=51 ) LIMIT 1   [ RunTime:0.0064s ]
SQL: SELECT COUNT(*) AS tp_count FROM `xorder` WHERE ( coachid=52 ) LIMIT 1   [ RunTime:0.0057s ]
SQL: SELECT COUNT(*) AS tp_count FROM `xorder` WHERE ( coachid=53 ) LIMIT 1   [ RunTime:0.0118s ]
SQL: SELECT COUNT(*) AS tp_count FROM `xorder` WHERE ( coachid=54 ) LIMIT 1   [ RunTime:0.0114s ]
SQL: SELECT COUNT(*) AS tp_count FROM `user_info` WHERE ( type=1 ) LIMIT 1   [ RunTime:0.0145s ]
INFO: [ view_parse ] --START--
INFO: [ template_filter ] --START--
INFO: Run Behavior\ContentReplaceBehavior [ RunTime:0.000117s ]
INFO: [ template_filter ] --END-- [ RunTime:0.000292s ]
INFO: Run Behavior\ParseTemplateBehavior [ RunTime:0.024656s ]
INFO: [ view_parse ] --END-- [ RunTime:0.024766s ]
INFO: [ view_filter ] --START--
INFO: Run Behavior\WriteHtmlCacheBehavior [ RunTime:0.000958s ]
INFO: [ view_filter ] --END-- [ RunTime:0.001035s ]
INFO: [ app_end ] --START--
INFO: Run Behavior\ShowPageTraceBehavior [ RunTime:0.001825s ]
INFO: [ app_end ] --END-- [ RunTime:0.001924s ]

[ 2016-01-25T09:41:38+08:00 ] 127.0.0.1 /xplan_backend/Plan_admin/index.php/home/User/updateStatus/status/1/id/34
INFO: [ app_init ] --START--
INFO: Run Behavior\BuildLiteBehavior [ RunTime:0.000028s ]
INFO: [ app_init ] --END-- [ RunTime:0.000805s ]
INFO: [ app_begin ] --START--
INFO: Run Behavior\ReadHtmlCacheBehavior [ RunTime:0.001015s ]
INFO: [ app_begin ] --END-- [ RunTime:0.001121s ]
SQL: SHOW COLUMNS FROM `user_info` [ RunTime:0.0124s ]
SQL: SELECT `studentNums` FROM `user_info` WHERE ( id=34 and type=1 ) LIMIT 1   [ RunTime:0.0072s ]
SQL: SHOW COLUMNS FROM `my_plan` [ RunTime:0.0078s ]
SQL: SELECT DISTINCT uid  FROM my_plan WHERE coachid=34 [ RunTime:0.0068s ]
SQL: UPDATE `user_info` SET `studentNums`='10' WHERE ( id=34 ) [ RunTime:0.0348s ]
SQL: UPDATE `user_info` SET `status`='0' WHERE ( id=34 ) [ RunTime:0.0374s ]
INFO: [ view_parse ] --START--
INFO: [ template_filter ] --START--
INFO: Run Behavior\ContentReplaceBehavior [ RunTime:0.000051s ]
INFO: [ template_filter ] --END-- [ RunTime:0.000127s ]
INFO: Run Behavior\ParseTemplateBehavior [ RunTime:0.010845s ]
INFO: [ view_parse ] --END-- [ RunTime:0.010979s ]
INFO: [ view_filter ] --START--
INFO: Run Behavior\WriteHtmlCacheBehavior [ RunTime:0.000703s ]
INFO: [ view_filter ] --END-- [ RunTime:0.000801s ]
INFO: [ app_end ] --START--
INFO: Run Behavior\ShowPageTraceBehavior [ RunTime:0.001428s ]
INFO: [ app_end ] --END-- [ RunTime:0.001516s ]

[ 2016-01-25T09:41:39+08:00 ] 127.0.0.1 /xplan_backend/Plan_admin/index.php/home/User/getCoach
INFO: [ app_init ] --START--
INFO: Run Behavior\BuildLiteBehavior [ RunTime:0.000099s ]
INFO: [ app_init ] --END-- [ RunTime:0.003214s ]
INFO: [ app_begin ] --START--
INFO: Run Behavior\ReadHtmlCacheBehavior [ RunTime:0.000632s ]
INFO: [ app_begin ] --END-- [ RunTime:0.000842s ]
SQL: SHOW COLUMNS FROM `user_info` [ RunTime:0.0093s ]
SQL: SELECT COUNT(*) AS tp_count FROM `user_info` WHERE ( type=1 ) LIMIT 1   [ RunTime:0.0103s ]
NOTIC: [8] Undefined variable: pageList D:\www\xplan_backend\Plan_admin\Application\Home\Common\function.php 第 52 行.
SQL: SELECT * FROM `user_info` WHERE ( type=1 ) LIMIT 0,10   [ RunTime:0.0103s ]
SQL: SHOW COLUMNS FROM `xorder` [ RunTime:0.0077s ]
SQL: SELECT COUNT(*) AS tp_count FROM `xorder` WHERE ( coachid=34 ) LIMIT 1   [ RunTime:0.0060s ]
SQL: SELECT COUNT(*) AS tp_count FROM `xorder` WHERE ( coachid=46 ) LIMIT 1   [ RunTime:0.0094s ]
SQL: SELECT COUNT(*) AS tp_count FROM `xorder` WHERE ( coachid=47 ) LIMIT 1   [ RunTime:0.0064s ]
SQL: SELECT COUNT(*) AS tp_count FROM `xorder` WHERE ( coachid=48 ) LIMIT 1   [ RunTime:0.0056s ]
SQL: SELECT COUNT(*) AS tp_count FROM `xorder` WHERE ( coachid=49 ) LIMIT 1   [ RunTime:0.0091s ]
SQL: SELECT COUNT(*) AS tp_count FROM `xorder` WHERE ( coachid=50 ) LIMIT 1   [ RunTime:0.0062s ]
SQL: SELECT COUNT(*) AS tp_count FROM `xorder` WHERE ( coachid=51 ) LIMIT 1   [ RunTime:0.0056s ]
SQL: SELECT COUNT(*) AS tp_count FROM `xorder` WHERE ( coachid=52 ) LIMIT 1   [ RunTime:0.0057s ]
SQL: SELECT COUNT(*) AS tp_count FROM `xorder` WHERE ( coachid=53 ) LIMIT 1   [ RunTime:0.0066s ]
SQL: SELECT COUNT(*) AS tp_count FROM `xorder` WHERE ( coachid=54 ) LIMIT 1   [ RunTime:0.0070s ]
SQL: SELECT COUNT(*) AS tp_count FROM `user_info` WHERE ( type=1 ) LIMIT 1   [ RunTime:0.0056s ]
INFO: [ view_parse ] --START--
INFO: [ template_filter ] --START--
INFO: Run Behavior\ContentReplaceBehavior [ RunTime:0.000128s ]
INFO: [ template_filter ] --END-- [ RunTime:0.000237s ]
INFO: Run Behavior\ParseTemplateBehavior [ RunTime:0.023820s ]
INFO: [ view_parse ] --END-- [ RunTime:0.023949s ]
INFO: [ view_filter ] --START--
INFO: Run Behavior\WriteHtmlCacheBehavior [ RunTime:0.001137s ]
INFO: [ view_filter ] --END-- [ RunTime:0.001219s ]
INFO: [ app_end ] --START--
INFO: Run Behavior\ShowPageTraceBehavior [ RunTime:0.001533s ]
INFO: [ app_end ] --END-- [ RunTime:0.001608s ]

[ 2016-01-25T09:47:44+08:00 ] 127.0.0.1 /xplan_backend/Plan_admin/index.php/home/Index/logout
INFO: [ app_init ] --START--
INFO: Run Behavior\BuildLiteBehavior [ RunTime:0.000019s ]
INFO: [ app_init ] --END-- [ RunTime:0.000848s ]
INFO: [ app_begin ] --START--
INFO: Run Behavior\ReadHtmlCacheBehavior [ RunTime:0.000887s ]
INFO: [ app_begin ] --END-- [ RunTime:0.000956s ]
INFO: [ view_parse ] --START--
INFO: [ template_filter ] --START--
INFO: Run Behavior\ContentReplaceBehavior [ RunTime:0.000042s ]
INFO: [ template_filter ] --END-- [ RunTime:0.000135s ]
INFO: Run Behavior\ParseTemplateBehavior [ RunTime:0.007240s ]
INFO: [ view_parse ] --END-- [ RunTime:0.007350s ]
INFO: [ view_filter ] --START--
INFO: Run Behavior\WriteHtmlCacheBehavior [ RunTime:0.000512s ]
INFO: [ view_filter ] --END-- [ RunTime:0.000546s ]
INFO: [ app_end ] --START--
INFO: Run Behavior\ShowPageTraceBehavior [ RunTime:0.000790s ]
INFO: [ app_end ] --END-- [ RunTime:0.000843s ]

[ 2016-01-25T09:47:45+08:00 ] 127.0.0.1 /xplan_backend/Plan_admin/index.php/home/Login/index
INFO: [ app_init ] --START--
INFO: Run Behavior\BuildLiteBehavior [ RunTime:0.000017s ]
INFO: [ app_init ] --END-- [ RunTime:0.000593s ]
INFO: [ app_begin ] --START--
INFO: Run Behavior\ReadHtmlCacheBehavior [ RunTime:0.001090s ]
INFO: [ app_begin ] --END-- [ RunTime:0.001191s ]
INFO: [ view_parse ] --START--
INFO: [ template_filter ] --START--
INFO: Run Behavior\ContentReplaceBehavior [ RunTime:0.000041s ]
INFO: [ template_filter ] --END-- [ RunTime:0.000093s ]
INFO: Run Behavior\ParseTemplateBehavior [ RunTime:0.007345s ]
INFO: [ view_parse ] --END-- [ RunTime:0.007398s ]
INFO: [ view_filter ] --START--
INFO: Run Behavior\WriteHtmlCacheBehavior [ RunTime:0.000357s ]
INFO: [ view_filter ] --END-- [ RunTime:0.000401s ]
INFO: [ app_end ] --START--
INFO: Run Behavior\ShowPageTraceBehavior [ RunTime:0.000685s ]
INFO: [ app_end ] --END-- [ RunTime:0.000730s ]

[ 2016-01-25T09:47:45+08:00 ] 127.0.0.1 /xplan_backend/Plan_admin/index.php/home/Login/verify
INFO: [ app_init ] --START--
INFO: Run Behavior\BuildLiteBehavior [ RunTime:0.000055s ]
INFO: [ app_init ] --END-- [ RunTime:0.000885s ]
INFO: [ app_begin ] --START--
INFO: Run Behavior\ReadHtmlCacheBehavior [ RunTime:0.000560s ]
INFO: [ app_begin ] --END-- [ RunTime:0.000614s ]
INFO: [ app_end ] --START--
INFO: Run Behavior\ShowPageTraceBehavior [ RunTime:0.001085s ]
INFO: [ app_end ] --END-- [ RunTime:0.001161s ]

[ 2016-01-25T09:48:58+08:00 ] 127.0.0.1 /xplan_backend/Plan_admin/index.php
INFO: [ app_init ] --START--
INFO: Run Behavior\BuildLiteBehavior [ RunTime:0.000011s ]
INFO: [ app_init ] --END-- [ RunTime:0.000460s ]
INFO: [ app_begin ] --START--
INFO: Run Behavior\ReadHtmlCacheBehavior [ RunTime:0.000800s ]
INFO: [ app_begin ] --END-- [ RunTime:0.000860s ]
NOTIC: [8] Undefined index: userMsg D:\www\xplan_backend\Plan_admin\Application\Home\Controller\BaseController.class.php 第 9 行.
INFO: [ view_parse ] --START--
INFO: [ template_filter ] --START--
INFO: Run Behavior\ContentReplaceBehavior [ RunTime:0.000030s ]
INFO: [ template_filter ] --END-- [ RunTime:0.000082s ]
INFO: Run Behavior\ParseTemplateBehavior [ RunTime:0.007018s ]
INFO: [ view_parse ] --END-- [ RunTime:0.007078s ]
INFO: [ view_filter ] --START--
INFO: Run Behavior\WriteHtmlCacheBehavior [ RunTime:0.000529s ]
INFO: [ view_filter ] --END-- [ RunTime:0.000581s ]

[ 2016-01-25T09:49:00+08:00 ] 127.0.0.1 /xplan_backend/Plan_admin/index.php/home/Login/index
INFO: [ app_init ] --START--
INFO: Run Behavior\BuildLiteBehavior [ RunTime:0.000015s ]
INFO: [ app_init ] --END-- [ RunTime:0.000545s ]
INFO: [ app_begin ] --START--
INFO: Run Behavior\ReadHtmlCacheBehavior [ RunTime:0.000786s ]
INFO: [ app_begin ] --END-- [ RunTime:0.000835s ]
INFO: [ view_parse ] --START--
INFO: [ template_filter ] --START--
INFO: Run Behavior\ContentReplaceBehavior [ RunTime:0.000036s ]
INFO: [ template_filter ] --END-- [ RunTime:0.000086s ]
INFO: Run Behavior\ParseTemplateBehavior [ RunTime:0.006924s ]
INFO: [ view_parse ] --END-- [ RunTime:0.006973s ]
INFO: [ view_filter ] --START--
INFO: Run Behavior\WriteHtmlCacheBehavior [ RunTime:0.000452s ]
INFO: [ view_filter ] --END-- [ RunTime:0.000490s ]
INFO: [ app_end ] --START--
INFO: Run Behavior\ShowPageTraceBehavior [ RunTime:0.000763s ]
INFO: [ app_end ] --END-- [ RunTime:0.000798s ]

[ 2016-01-25T09:49:00+08:00 ] 127.0.0.1 /xplan_backend/Plan_admin/index.php/home/Login/verify
INFO: [ app_init ] --START--
INFO: Run Behavior\BuildLiteBehavior [ RunTime:0.000013s ]
INFO: [ app_init ] --END-- [ RunTime:0.000384s ]
INFO: [ app_begin ] --START--
INFO: Run Behavior\ReadHtmlCacheBehavior [ RunTime:0.000714s ]
INFO: [ app_begin ] --END-- [ RunTime:0.000841s ]
INFO: [ app_end ] --START--
INFO: Run Behavior\ShowPageTraceBehavior [ RunTime:0.000746s ]
INFO: [ app_end ] --END-- [ RunTime:0.000805s ]

[ 2016-01-25T09:49:12+08:00 ] 127.0.0.1 /xplan_backend/Plan_admin/index.php/home/Login/login
INFO: [ app_init ] --START--
INFO: Run Behavior\BuildLiteBehavior [ RunTime:0.000014s ]
INFO: [ app_init ] --END-- [ RunTime:0.000413s ]
INFO: [ app_begin ] --START--
INFO: Run Behavior\ReadHtmlCacheBehavior [ RunTime:0.000636s ]
INFO: [ app_begin ] --END-- [ RunTime:0.000687s ]
SQL: SHOW COLUMNS FROM `admin` [ RunTime:0.0104s ]
SQL: SELECT * FROM `admin` WHERE ( username='kaka' and password='1d06e7084b3873c87f87b1a2720c6541' )  [ RunTime:0.0101s ]
NOTIC: [8] A session had already been started - ignoring session_start() D:\www\xplan_backend\Plan_admin\Application\Home\Controller\LoginController.class.php 第 22 行.
INFO: [ view_parse ] --START--
INFO: [ template_filter ] --START--
INFO: Run Behavior\ContentReplaceBehavior [ RunTime:0.000068s ]
INFO: [ template_filter ] --END-- [ RunTime:0.000181s ]
INFO: Run Behavior\ParseTemplateBehavior [ RunTime:0.014741s ]
INFO: [ view_parse ] --END-- [ RunTime:0.014870s ]
INFO: [ view_filter ] --START--
INFO: Run Behavior\WriteHtmlCacheBehavior [ RunTime:0.000851s ]
INFO: [ view_filter ] --END-- [ RunTime:0.000939s ]
INFO: [ app_end ] --START--
INFO: Run Behavior\ShowPageTraceBehavior [ RunTime:0.001513s ]
INFO: [ app_end ] --END-- [ RunTime:0.001605s ]

[ 2016-01-25T09:49:14+08:00 ] 127.0.0.1 /xplan_backend/Plan_admin/index.php/home/Index/index
INFO: [ app_init ] --START--
INFO: Run Behavior\BuildLiteBehavior [ RunTime:0.000028s ]
INFO: [ app_init ] --END-- [ RunTime:0.000954s ]
INFO: [ app_begin ] --START--
INFO: Run Behavior\ReadHtmlCacheBehavior [ RunTime:0.001484s ]
INFO: [ app_begin ] --END-- [ RunTime:0.001604s ]
INFO: [ view_parse ] --START--
INFO: [ template_filter ] --START--
INFO: Run Behavior\ContentReplaceBehavior [ RunTime:0.000045s ]
INFO: [ template_filter ] --END-- [ RunTime:0.000091s ]
INFO: Run Behavior\ParseTemplateBehavior [ RunTime:0.007640s ]
INFO: [ view_parse ] --END-- [ RunTime:0.007697s ]
INFO: [ view_filter ] --START--
INFO: Run Behavior\WriteHtmlCacheBehavior [ RunTime:0.000387s ]
INFO: [ view_filter ] --END-- [ RunTime:0.000432s ]
INFO: [ app_end ] --START--
INFO: Run Behavior\ShowPageTraceBehavior [ RunTime:0.000614s ]
INFO: [ app_end ] --END-- [ RunTime:0.000650s ]

[ 2016-01-25T09:49:16+08:00 ] 127.0.0.1 /xplan_backend/Plan_admin/index.php/home/User/getCoach
INFO: [ app_init ] --START--
INFO: Run Behavior\BuildLiteBehavior [ RunTime:0.000014s ]
INFO: [ app_init ] --END-- [ RunTime:0.000455s ]
INFO: [ app_begin ] --START--
INFO: Run Behavior\ReadHtmlCacheBehavior [ RunTime:0.000657s ]
INFO: [ app_begin ] --END-- [ RunTime:0.000707s ]
SQL: SHOW COLUMNS FROM `user_info` [ RunTime:0.0213s ]
SQL: SELECT COUNT(*) AS tp_count FROM `user_info` WHERE ( type=1 ) LIMIT 1   [ RunTime:0.0225s ]
NOTIC: [8] Undefined variable: pageList D:\www\xplan_backend\Plan_admin\Application\Home\Common\function.php 第 52 行.
SQL: SELECT * FROM `user_info` WHERE ( type=1 ) LIMIT 0,10   [ RunTime:0.0303s ]
SQL: SHOW COLUMNS FROM `xorder` [ RunTime:0.0133s ]
SQL: SELECT COUNT(*) AS tp_count FROM `xorder` WHERE ( coachid=34 ) LIMIT 1   [ RunTime:0.0766s ]
SQL: SELECT COUNT(*) AS tp_count FROM `xorder` WHERE ( coachid=46 ) LIMIT 1   [ RunTime:0.0152s ]
SQL: SELECT COUNT(*) AS tp_count FROM `xorder` WHERE ( coachid=47 ) LIMIT 1   [ RunTime:0.0127s ]
SQL: SELECT COUNT(*) AS tp_count FROM `xorder` WHERE ( coachid=48 ) LIMIT 1   [ RunTime:0.0112s ]
SQL: SELECT COUNT(*) AS tp_count FROM `xorder` WHERE ( coachid=49 ) LIMIT 1   [ RunTime:0.0263s ]
SQL: SELECT COUNT(*) AS tp_count FROM `xorder` WHERE ( coachid=50 ) LIMIT 1   [ RunTime:0.0165s ]
SQL: SELECT COUNT(*) AS tp_count FROM `xorder` WHERE ( coachid=51 ) LIMIT 1   [ RunTime:0.0237s ]
SQL: SELECT COUNT(*) AS tp_count FROM `xorder` WHERE ( coachid=52 ) LIMIT 1   [ RunTime:0.0073s ]
SQL: SELECT COUNT(*) AS tp_count FROM `xorder` WHERE ( coachid=53 ) LIMIT 1   [ RunTime:0.0119s ]
SQL: SELECT COUNT(*) AS tp_count FROM `xorder` WHERE ( coachid=54 ) LIMIT 1   [ RunTime:0.0393s ]
SQL: SELECT COUNT(*) AS tp_count FROM `user_info` WHERE ( type=1 ) LIMIT 1   [ RunTime:0.0228s ]
INFO: [ view_parse ] --START--
INFO: [ template_filter ] --START--
INFO: Run Behavior\ContentReplaceBehavior [ RunTime:0.000050s ]
INFO: [ template_filter ] --END-- [ RunTime:0.000091s ]
INFO: Run Behavior\ParseTemplateBehavior [ RunTime:0.081188s ]
INFO: [ view_parse ] --END-- [ RunTime:0.081316s ]
INFO: [ view_filter ] --START--
INFO: Run Behavior\WriteHtmlCacheBehavior [ RunTime:0.000673s ]
INFO: [ view_filter ] --END-- [ RunTime:0.000755s ]
INFO: [ app_end ] --START--
INFO: Run Behavior\ShowPageTraceBehavior [ RunTime:0.001619s ]
INFO: [ app_end ] --END-- [ RunTime:0.001730s ]

[ 2016-01-25T09:49:18+08:00 ] 127.0.0.1 /xplan_backend/Plan_admin/index.php/home/User/getStudent
INFO: [ app_init ] --START--
INFO: Run Behavior\BuildLiteBehavior [ RunTime:0.000028s ]
INFO: [ app_init ] --END-- [ RunTime:0.000925s ]
INFO: [ app_begin ] --START--
INFO: Run Behavior\ReadHtmlCacheBehavior [ RunTime:0.000948s ]
INFO: [ app_begin ] --END-- [ RunTime:0.001016s ]
NOTIC: [8] Undefined index: coachid D:\www\xplan_backend\Plan_admin\Application\Home\Controller\UserController.class.php 第 32 行.
SQL: SHOW COLUMNS FROM `xorder` [ RunTime:0.0239s ]
SQL: SELECT COUNT(*) AS tp_count FROM `xorder` WHERE ( status=1 ) LIMIT 1   [ RunTime:0.0397s ]
NOTIC: [8] Undefined variable: pageList D:\www\xplan_backend\Plan_admin\Application\Home\Common\function.php 第 52 行.
SQL: SELECT * FROM xorder AS x INNER JOIN user_info AS u ON x.uid=u.id WHERE x.status=1 ORDER BY x.time_end DESC LIMIT 0,10 [ RunTime:0.0133s ]
INFO: [ view_parse ] --START--
INFO: [ template_filter ] --START--
INFO: Run Behavior\ContentReplaceBehavior [ RunTime:0.000121s ]
INFO: [ template_filter ] --END-- [ RunTime:0.000233s ]
INFO: Run Behavior\ParseTemplateBehavior [ RunTime:0.091850s ]
INFO: [ view_parse ] --END-- [ RunTime:0.091966s ]
INFO: [ view_filter ] --START--
INFO: Run Behavior\WriteHtmlCacheBehavior [ RunTime:0.000764s ]
INFO: [ view_filter ] --END-- [ RunTime:0.000856s ]
INFO: [ app_end ] --START--
INFO: Run Behavior\ShowPageTraceBehavior [ RunTime:0.001772s ]
INFO: [ app_end ] --END-- [ RunTime:0.001885s ]

[ 2016-01-25T09:49:39+08:00 ] 127.0.0.1 /xplan_backend/Plan_admin/index.php/home/Index/logout
INFO: [ app_init ] --START--
INFO: Run Behavior\BuildLiteBehavior [ RunTime:0.000013s ]
INFO: [ app_init ] --END-- [ RunTime:0.000408s ]
INFO: [ app_begin ] --START--
INFO: Run Behavior\ReadHtmlCacheBehavior [ RunTime:0.000721s ]
INFO: [ app_begin ] --END-- [ RunTime:0.000812s ]
INFO: [ view_parse ] --START--
INFO: [ template_filter ] --START--
INFO: Run Behavior\ContentReplaceBehavior [ RunTime:0.000034s ]
INFO: [ template_filter ] --END-- [ RunTime:0.000096s ]
INFO: Run Behavior\ParseTemplateBehavior [ RunTime:0.008122s ]
INFO: [ view_parse ] --END-- [ RunTime:0.008205s ]
INFO: [ view_filter ] --START--
INFO: Run Behavior\WriteHtmlCacheBehavior [ RunTime:0.000364s ]
INFO: [ view_filter ] --END-- [ RunTime:0.000402s ]
INFO: [ app_end ] --START--
INFO: Run Behavior\ShowPageTraceBehavior [ RunTime:0.000589s ]
INFO: [ app_end ] --END-- [ RunTime:0.000649s ]

[ 2016-01-25T09:49:47+08:00 ] 127.0.0.1 /xplan_backend/Plan_admin/index.php/home/Login/index
INFO: [ app_init ] --START--
INFO: Run Behavior\BuildLiteBehavior [ RunTime:0.000014s ]
INFO: [ app_init ] --END-- [ RunTime:0.000465s ]
INFO: [ app_begin ] --START--
INFO: Run Behavior\ReadHtmlCacheBehavior [ RunTime:0.000628s ]
INFO: [ app_begin ] --END-- [ RunTime:0.000675s ]
INFO: [ view_parse ] --START--
INFO: [ template_filter ] --START--
INFO: Run Behavior\ContentReplaceBehavior [ RunTime:0.000037s ]
INFO: [ template_filter ] --END-- [ RunTime:0.000089s ]
INFO: Run Behavior\ParseTemplateBehavior [ RunTime:0.006327s ]
INFO: [ view_parse ] --END-- [ RunTime:0.006377s ]
INFO: [ view_filter ] --START--
INFO: Run Behavior\WriteHtmlCacheBehavior [ RunTime:0.000286s ]
INFO: [ view_filter ] --END-- [ RunTime:0.000319s ]
INFO: [ app_end ] --START--
INFO: Run Behavior\ShowPageTraceBehavior [ RunTime:0.000552s ]
INFO: [ app_end ] --END-- [ RunTime:0.000585s ]

[ 2016-01-25T09:49:47+08:00 ] 127.0.0.1 /xplan_backend/Plan_admin/index.php/home/Login/verify
INFO: [ app_init ] --START--
INFO: Run Behavior\BuildLiteBehavior [ RunTime:0.000012s ]
INFO: [ app_init ] --END-- [ RunTime:0.000400s ]
INFO: [ app_begin ] --START--
INFO: Run Behavior\ReadHtmlCacheBehavior [ RunTime:0.000535s ]
INFO: [ app_begin ] --END-- [ RunTime:0.000574s ]
INFO: [ app_end ] --START--
INFO: Run Behavior\ShowPageTraceBehavior [ RunTime:0.001535s ]
INFO: [ app_end ] --END-- [ RunTime:0.001702s ]

